Usuario conectado: root a jdbc:mysql://127.0.0.1:6033/BIBLIOTECA (12:17:51)
Usuario conectado: root a jdbc:mysql://127.0.0.1:6033/BIBLIOTECA (12:24:55)
INSERT INTO historico (user,fecha,info) VALUES (root,2024-01-18 12:24:55,Usuario conectado: root a jdbc:mysql://127.0.0.1:6033/BIBLIOTECA (12:24:55))
SELECT id,categoria FROM categoria
INSERT INTO historico (user,fecha,info) VALUES (root,2024-01-18 12:24:56,SELECT id,categoria FROM categoria)
SELECT id,nombre,autor,editorial,categoria FROM libro
INSERT INTO historico (user,fecha,info) VALUES (root,2024-01-18 12:24:59,SELECT id,nombre,autor,editorial,categoria FROM libro)
SELECT * FROM categoria WHERE id = 3
INSERT INTO historico (user,fecha,info) VALUES (root,2024-01-18 12:24:59,SELECT * FROM categoria WHERE id = 3)
SELECT * FROM categoria WHERE id = 2
INSERT INTO historico (user,fecha,info) VALUES (root,2024-01-18 12:24:59,SELECT * FROM categoria WHERE id = 2)
SELECT * FROM categoria WHERE id = 5
INSERT INTO historico (user,fecha,info) VALUES (root,2024-01-18 12:24:59,SELECT * FROM categoria WHERE id = 5)
SELECT * FROM categoria WHERE id = 7
INSERT INTO historico (user,fecha,info) VALUES (root,2024-01-18 12:24:59,SELECT * FROM categoria WHERE id = 7)
SELECT * FROM categoria WHERE id = 8
INSERT INTO historico (user,fecha,info) VALUES (root,2024-01-18 12:24:59,SELECT * FROM categoria WHERE id = 8)
SELECT * FROM categoria WHERE id = 1
INSERT INTO historico (user,fecha,info) VALUES (root,2024-01-18 12:24:59,SELECT * FROM categoria WHERE id = 1)
SELECT * FROM categoria WHERE id = 8
INSERT INTO historico (user,fecha,info) VALUES (root,2024-01-18 12:24:59,SELECT * FROM categoria WHERE id = 8)
SELECT * FROM categoria WHERE id = 6
INSERT INTO historico (user,fecha,info) VALUES (root,2024-01-18 12:24:59,SELECT * FROM categoria WHERE id = 6)
SELECT * FROM categoria WHERE id = 2
INSERT INTO historico (user,fecha,info) VALUES (root,2024-01-18 12:24:59,SELECT * FROM categoria WHERE id = 2)
SELECT * FROM categoria WHERE id = 2
INSERT INTO historico (user,fecha,info) VALUES (root,2024-01-18 12:24:59,SELECT * FROM categoria WHERE id = 2)
SELECT * FROM categoria WHERE id = 1
INSERT INTO historico (user,fecha,info) VALUES (root,2024-01-18 12:24:59,SELECT * FROM categoria WHERE id = 1)
Usuario actual desconectado a las 12:25:07
INSERT INTO historico (user,fecha,info) VALUES (root,2024-01-18 12:25:07,Usuario actual desconectado a las 12:25:07)
Usuario conectado: root a jdbc:mysql://127.0.0.1:6033/BIBLIOTECA (13:18:52)
INSERT INTO historico (user,fecha,info) VALUES (root,2024-01-18 13:18:52,Usuario conectado: root a jdbc:mysql://127.0.0.1:6033/BIBLIOTECA (13:18:52))
SELECT id,nombre,apellidos FROM usuario
INSERT INTO historico (user,fecha,info) VALUES (root,2024-01-18 13:18:54,SELECT id,nombre,apellidos FROM usuario)
INSERT INTO usuario (nombre,apellidos) VALUES (Test,Hola)
INSERT INTO historico (user,fecha,info) VALUES (root,2024-01-18 13:19:05,INSERT INTO usuario (nombre,apellidos) VALUES (Test,Hola))
SELECT id,nombre,apellidos FROM usuario
INSERT INTO historico (user,fecha,info) VALUES (root,2024-01-18 13:19:05,SELECT id,nombre,apellidos FROM usuario)
