Usuario conectado: root a jdbc:mysql://127.0.0.1:6033/BIBLIOTECA (13:05:20)
Usuario conectado: root a jdbc:mysql://127.0.0.1:6033/BIBLIOTECA (13:25:25)
Usuario conectado: libro_ad a jdbc:mysql://localhost:6033/BIBLIOTECA (18:49:47)
Usuario conectado: libro_ad a jdbc:mysql://localhost:6033/BIBLIOTECA (18:50:07)
Usuario conectado: libro_ad a jdbc:mysql://localhost:6033/BIBLIOTECA (18:50:07)
INSERT INTO historico (user,fecha,info) VALUES (libro_ad,2024-01-16 18:50:07,Usuario conectado: libro_ad a jdbc:mysql://localhost:6033/BIBLIOTECA (18:50:07))
INSERT INTO historico (user,fecha,info) VALUES (libro_ad,2024-01-16 18:50:07,Usuario conectado: libro_ad a jdbc:mysql://localhost:6033/BIBLIOTECA (18:50:07))
Usuario actual desconectado a las 18:50:16
INSERT INTO historico (user,fecha,info) VALUES (libro_ad,2024-01-16 18:50:16,Usuario actual desconectado a las 18:50:16)
Usuario conectado: root a jdbc:mysql://localhost:6033/BIBLIOTECA (18:58:44)
Usuario conectado: root a jdbc:mysql://localhost:6033/BIBLIOTECA (18:58:44)
INSERT INTO historico (user,fecha,info) VALUES (root,2024-01-16 18:58:44,Usuario conectado: root a jdbc:mysql://localhost:6033/BIBLIOTECA (18:58:44))
INSERT INTO historico (user,fecha,info) VALUES (root,2024-01-16 18:58:44,Usuario conectado: root a jdbc:mysql://localhost:6033/BIBLIOTECA (18:58:44))
Usuario actual desconectado a las 18:58:48
INSERT INTO historico (user,fecha,info) VALUES (root,2024-01-16 18:58:48,Usuario actual desconectado a las 18:58:48)
Usuario conectado: root a jdbc:mysql://localhost:6033/BIBLIOTECA (18:59:09)
Usuario conectado: root a jdbc:mysql://localhost:6033/BIBLIOTECA (18:59:10)
INSERT INTO historico (user,fecha,info) VALUES (root,2024-01-16 18:59:10,Usuario conectado: root a jdbc:mysql://localhost:6033/BIBLIOTECA (18:59:10))
INSERT INTO historico (user,fecha,info) VALUES (root,2024-01-16 18:59:09,Usuario conectado: root a jdbc:mysql://localhost:6033/BIBLIOTECA (18:59:09))
Usuario actual desconectado a las 18:59:23
INSERT INTO historico (user,fecha,info) VALUES (root,2024-01-16 18:59:23,Usuario actual desconectado a las 18:59:23)
Usuario conectado: root a jdbc:mysql://localhost:6033/BIBLIOTECA (18:59:35)
Usuario conectado: root a jdbc:mysql://localhost:6033/BIBLIOTECA (18:59:35)
INSERT INTO historico (user,fecha,info) VALUES (root,2024-01-16 18:59:35,Usuario conectado: root a jdbc:mysql://localhost:6033/BIBLIOTECA (18:59:35))
INSERT INTO historico (user,fecha,info) VALUES (root,2024-01-16 18:59:35,Usuario conectado: root a jdbc:mysql://localhost:6033/BIBLIOTECA (18:59:35))
Usuario actual desconectado a las 18:59:45
INSERT INTO historico (user,fecha,info) VALUES (root,2024-01-16 18:59:45,Usuario actual desconectado a las 18:59:45)
Usuario conectado: root a jdbc:mysql://localhost:6033/BIBLIOTECA (19:00:14)
Usuario conectado: root a jdbc:mysql://localhost:6033/BIBLIOTECA (19:00:20)
Usuario conectado: root a jdbc:mysql://localhost:6033/BIBLIOTECA (19:00:20)
INSERT INTO historico (user,fecha,info) VALUES (root,2024-01-16 19:00:20,Usuario conectado: root a jdbc:mysql://localhost:6033/BIBLIOTECA (19:00:20))
INSERT INTO historico (user,fecha,info) VALUES (root,2024-01-16 19:00:20,Usuario conectado: root a jdbc:mysql://localhost:6033/BIBLIOTECA (19:00:20))
Usuario actual desconectado a las 19:00:26
INSERT INTO historico (user,fecha,info) VALUES (root,2024-01-16 19:00:26,Usuario actual desconectado a las 19:00:26)
